c:\users\jajajouwab\documents\c++\castlevania\castlevania\castlevania_clone\castlevaniaclone\debug\vc143.pdb
c:\users\jajajouwab\documents\c++\castlevania\castlevania\castlevania_clone\castlevaniaclone\debug\vc143.idb
c:\users\jajajouwab\documents\c++\castlevania\castlevania\castlevania_clone\castlevaniaclone\debug\winmain.obj
c:\users\jajajouwab\documents\c++\castlevania\castlevania\castlevania_clone\castlevaniaclone\debug\cgameworld.obj
c:\users\jajajouwab\documents\c++\castlevania\castlevania\castlevania_clone\castlevaniaclone\debug\cgamepanel.obj
c:\users\jajajouwab\documents\c++\castlevania\castlevania\castlevania_clone\castlevaniaclone\debug\cwindow_screen.obj
c:\users\jajajouwab\documents\c++\castlevania\castlevania\castlevania_clone\castlevaniaclone\debug\cgraphics.obj
c:\users\jajajouwab\documents\c++\castlevania\castlevania\castlevania_clone\castlevaniaclone\debug\ctextures.obj
c:\users\jajajouwab\documents\c++\castlevania\castlevania\castlevania_clone\castlevaniaclone\debug\csprite.obj
c:\users\jajajouwab\documents\c++\castlevania\castlevania\castlevania_clone\castlevaniaclone\debug\cobjects.obj
c:\users\jajajouwab\documents\c++\castlevania\castlevania\castlevania_clone\castlevaniaclone\debug\cgameobjects.obj
c:\users\jajajouwab\documents\c++\castlevania\castlevania\castlevania_clone\castlevaniaclone\debug\cgameobjectmanager.obj
c:\users\jajajouwab\documents\c++\castlevania\castlevania\castlevania_clone\castlevaniaclone\debug\loadresources.obj
c:\users\jajajouwab\documents\c++\castlevania\castlevania\castlevania_clone\castlevaniaclone\debug\cscene.obj
c:\users\jajajouwab\documents\c++\castlevania\castlevania\castlevania_clone\castlevaniaclone\debug\cstate.obj
c:\users\jajajouwab\documents\c++\castlevania\castlevania\castlevania_clone\castlevaniaclone\debug\cgamestate.obj
c:\users\jajajouwab\documents\c++\castlevania\castlevania\castlevania_clone\castlevaniaclone\debug\cscenemanager.obj
c:\users\jajajouwab\documents\c++\castlevania\castlevania\castlevania_clone\castlevaniaclone\debug\grid.obj
c:\users\jajajouwab\documents\c++\castlevania\castlevania\castlevania_clone\castlevaniaclone\debug\gridcontainer.obj
c:\users\jajajouwab\documents\c++\castlevania\castlevania\castlevania_clone\castlevaniaclone\debug\camera.obj
c:\users\jajajouwab\documents\c++\castlevania\castlevania\castlevania_clone\castlevaniaclone\debug\item.obj
c:\users\jajajouwab\documents\c++\castlevania\castlevania\castlevania_clone\castlevaniaclone\debug\readfileshelper.obj
c:\users\jajajouwab\documents\c++\castlevania\castlevania\castlevania_clone\castlevaniaclone\debug\cground.obj
c:\users\jajajouwab\documents\c++\castlevania\castlevania\castlevania_clone\castlevaniaclone\debug\cscene_intro.obj
c:\users\jajajouwab\documents\c++\castlevania\castlevania\castlevania_clone\castlevaniaclone\debug\backgroundmap.obj
c:\users\jajajouwab\documents\c++\castlevania\castlevania\castlevania_clone\castlevaniaclone\debug\castlevaniaclone.exe
c:\users\jajajouwab\documents\c++\castlevania\castlevania\castlevania_clone\castlevaniaclone\debug\castlevaniaclone.pdb
c:\users\jajajouwab\documents\c++\castlevania\castlevania\castlevania_clone\castlevaniaclone\debug\castlevaniaclone.ilk
c:\users\jajajouwab\documents\c++\castlevania\castlevania\castlevania_clone\castlevaniaclone\debug\castlevaniaclone.res
c:\users\jajajouwab\documents\c++\castlevania\castlevania\castlevania_clone\castlevaniaclone\debug\castlevaniaclone.tlog\cl.command.1.tlog
c:\users\jajajouwab\documents\c++\castlevania\castlevania\castlevania_clone\castlevaniaclone\debug\castlevaniaclone.tlog\cl.items.tlog
c:\users\jajajouwab\documents\c++\castlevania\castlevania\castlevania_clone\castlevaniaclone\debug\castlevaniaclone.tlog\cl.read.1.tlog
c:\users\jajajouwab\documents\c++\castlevania\castlevania\castlevania_clone\castlevaniaclone\debug\castlevaniaclone.tlog\cl.write.1.tlog
c:\users\jajajouwab\documents\c++\castlevania\castlevania\castlevania_clone\castlevaniaclone\debug\castlevaniaclone.tlog\link.command.1.tlog
c:\users\jajajouwab\documents\c++\castlevania\castlevania\castlevania_clone\castlevaniaclone\debug\castlevaniaclone.tlog\link.read.1.tlog
c:\users\jajajouwab\documents\c++\castlevania\castlevania\castlevania_clone\castlevaniaclone\debug\castlevaniaclone.tlog\link.secondary.1.tlog
c:\users\jajajouwab\documents\c++\castlevania\castlevania\castlevania_clone\castlevaniaclone\debug\castlevaniaclone.tlog\link.write.1.tlog
c:\users\jajajouwab\documents\c++\castlevania\castlevania\castlevania_clone\castlevaniaclone\debug\castlevaniaclone.tlog\rc.command.1.tlog
